TN:
SF:cache/index.js
FNF:0
FNH:0
DA:1,1
DA:2,1
DA:3,1
DA:7,1
LF:4
LH:4
BRDA:3,0,0,0
BRDA:3,0,1,1
BRF:2
BRH:1
end_of_record
TN:
SF:db/index.js
FN:23,(anonymous_0)
FN:27,(anonymous_1)
FN:31,(anonymous_2)
FN:34,(anonymous_3)
FNF:4
FNH:2
FNDA:112,(anonymous_0)
FNDA:1,(anonymous_1)
FNDA:0,(anonymous_2)
FNDA:0,(anonymous_3)
DA:1,1
DA:3,1
DA:8,1
DA:12,1
DA:16,1
DA:22,1
DA:24,112
DA:25,110
DA:28,1
DA:29,1
DA:32,0
DA:35,0
DA:37,0
DA:38,0
DA:39,0
DA:40,0
DA:41,0
DA:43,0
DA:46,0
LF:19
LH:10
BRDA:16,0,0,0
BRDA:16,0,1,1
BRDA:18,1,0,1
BRDA:18,1,1,0
BRF:4
BRH:2
end_of_record
TN:
SF:server/app.js
FN:17,(anonymous_0)
FNF:1
FNH:1
FNDA:59,(anonymous_0)
DA:1,1
DA:2,1
DA:3,1
DA:4,1
DA:5,1
DA:6,1
DA:7,1
DA:8,1
DA:9,1
DA:10,1
DA:13,1
DA:14,1
DA:15,1
DA:16,1
DA:17,59
DA:21,1
DA:22,1
DA:23,1
DA:24,1
DA:25,1
DA:28,1
DA:30,1
LF:22
LH:22
BRF:0
BRH:0
end_of_record
TN:
SF:server/cache/rides.js
FN:4,(anonymous_0)
FN:10,(anonymous_1)
FN:16,(anonymous_2)
FN:18,(anonymous_3)
FN:24,(anonymous_4)
FN:27,(anonymous_5)
FN:41,(anonymous_6)
FN:54,(anonymous_7)
FNF:8
FNH:2
FNDA:4,(anonymous_0)
FNDA:1,(anonymous_1)
FNDA:0,(anonymous_2)
FNDA:0,(anonymous_3)
FNDA:0,(anonymous_4)
FNDA:0,(anonymous_5)
FNDA:0,(anonymous_6)
FNDA:0,(anonymous_7)
DA:1,1
DA:2,1
DA:4,1
DA:5,4
DA:6,4
DA:7,4
DA:10,1
DA:11,1
DA:12,1
DA:13,1
DA:16,1
DA:17,0
DA:18,0
DA:21,0
DA:24,1
DA:25,0
DA:27,0
DA:28,0
DA:29,0
DA:30,0
DA:31,0
DA:32,0
DA:34,0
DA:35,0
DA:36,0
DA:41,1
DA:47,0
DA:49,0
DA:50,0
DA:52,0
DA:55,0
DA:56,0
DA:57,0
DA:59,0
DA:64,1
LF:35
LH:14
BRDA:28,0,0,0
BRDA:28,0,1,0
BRDA:31,1,0,0
BRDA:31,1,1,0
BRDA:46,2,0,0
BRDA:55,3,0,0
BRDA:55,3,1,0
BRF:7
BRH:0
end_of_record
TN:
SF:server/controllers/auth.js
FN:4,(anonymous_0)
FN:17,(anonymous_1)
FN:35,(anonymous_2)
FNF:3
FNH:3
FNDA:14,(anonymous_0)
FNDA:3,(anonymous_1)
FNDA:16,(anonymous_2)
DA:1,1
DA:2,1
DA:4,1
DA:5,14
DA:6,14
DA:7,14
DA:9,13
DA:10,13
DA:11,13
DA:13,1
DA:17,1
DA:18,3
DA:20,3
DA:25,3
DA:26,3
DA:28,2
DA:29,2
DA:31,1
DA:35,1
DA:36,16
DA:39,1
LF:21
LH:21
BRF:0
BRH:0
end_of_record
TN:
SF:server/controllers/friendships.js
FN:7,(anonymous_0)
FN:27,(anonymous_1)
FNF:2
FNH:2
FNDA:1,(anonymous_0)
FNDA:1,(anonymous_1)
DA:1,1
DA:2,1
DA:5,1
DA:7,1
DA:8,1
DA:9,1
DA:11,1
DA:12,1
DA:13,1
DA:15,1
DA:20,1
DA:21,1
DA:23,0
DA:27,1
DA:28,1
DA:29,1
DA:30,1
DA:31,1
DA:32,1
DA:34,0
DA:38,1
LF:21
LH:19
BRF:0
BRH:0
end_of_record
TN:
SF:server/controllers/rides.js
FN:7,(anonymous_0)
FN:32,(anonymous_1)
FN:44,(anonymous_2)
FN:59,(anonymous_3)
FN:71,(anonymous_4)
FN:82,(anonymous_5)
FN:93,(anonymous_6)
FNF:7
FNH:7
FNDA:9,(anonymous_0)
FNDA:11,(anonymous_1)
FNDA:7,(anonymous_2)
FNDA:1,(anonymous_3)
FNDA:4,(anonymous_4)
FNDA:1,(anonymous_5)
FNDA:1,(anonymous_6)
DA:1,1
DA:2,1
DA:5,1
DA:7,1
DA:8,9
DA:15,9
DA:17,9
DA:18,9
DA:20,9
DA:21,3
DA:23,6
DA:25,9
DA:26,9
DA:28,0
DA:32,1
DA:33,11
DA:34,11
DA:35,11
DA:36,11
DA:37,11
DA:38,11
DA:40,0
DA:44,1
DA:45,7
DA:46,7
DA:47,7
DA:49,7
DA:50,7
DA:51,6
DA:52,6
DA:53,6
DA:55,1
DA:59,1
DA:60,1
DA:61,1
DA:62,1
DA:63,1
DA:64,1
DA:66,0
DA:71,1
DA:72,4
DA:74,4
DA:75,4
DA:76,4
DA:78,0
DA:82,1
DA:83,1
DA:85,1
DA:86,1
DA:87,1
DA:89,0
DA:93,1
DA:94,1
DA:95,1
DA:97,1
DA:98,1
DA:99,1
DA:101,0
DA:105,1
LF:59
LH:53
BRDA:13,0,0,5
BRDA:14,1,0,6
BRDA:17,2,0,0
BRDA:17,2,1,9
BRDA:18,3,0,0
BRDA:18,3,1,9
BRDA:20,4,0,3
BRDA:20,4,1,6
BRF:8
BRH:6
end_of_record
TN:
SF:server/controllers/users.js
FN:4,(anonymous_0)
FN:17,(anonymous_1)
FNF:2
FNH:2
FNDA:1,(anonymous_0)
FNDA:1,(anonymous_1)
DA:1,1
DA:2,1
DA:4,1
DA:5,1
DA:6,1
DA:8,1
DA:9,1
DA:10,1
DA:11,1
DA:13,0
DA:17,1
DA:18,1
DA:20,1
DA:21,1
DA:22,1
DA:23,1
DA:24,1
DA:26,0
DA:27,0
DA:31,1
LF:20
LH:17
BRF:0
BRH:0
end_of_record
TN:
SF:server/lib/apicache.js
FNF:0
FNH:0
DA:1,1
DA:2,1
DA:4,1
DA:6,1
LF:4
LH:4
BRF:0
BRH:0
end_of_record
TN:
SF:server/middleware/auth.js
FN:4,(anonymous_0)
FN:15,(anonymous_1)
FNF:2
FNH:2
FNDA:15,(anonymous_0)
FNDA:26,(anonymous_1)
DA:1,1
DA:2,1
DA:4,1
DA:5,15
DA:6,15
DA:11,15
DA:12,15
DA:15,1
DA:16,26
DA:18,26
DA:19,26
DA:21,26
DA:23,24
DA:24,23
DA:25,23
DA:27,3
DA:31,1
LF:17
LH:17
BRDA:19,0,0,26
BRDA:19,0,1,24
BRDA:21,1,0,2
BRDA:21,1,1,24
BRF:4
BRH:4
end_of_record
TN:
SF:server/middleware/errorHandler.js
FN:1,(anonymous_0)
FNF:1
FNH:1
FNDA:6,(anonymous_0)
DA:1,1
DA:2,6
LF:2
LH:2
BRF:0
BRH:0
end_of_record
TN:
SF:server/middleware/responseHandler.js
FN:1,(anonymous_0)
FNF:1
FNH:1
FNDA:37,(anonymous_0)
DA:1,1
DA:2,37
DA:5,1
LF:3
LH:3
BRF:0
BRH:0
end_of_record
TN:
SF:server/middleware/rideFormatter.js
FN:3,(anonymous_0)
FN:36,(anonymous_1)
FNF:2
FNH:2
FNDA:33,(anonymous_0)
FNDA:25,(anonymous_1)
DA:1,1
DA:3,1
DA:16,33
DA:18,33
DA:36,1
DA:37,25
DA:38,25
DA:39,10
DA:41,15
DA:44,25
DA:46,0
LF:11
LH:10
BRDA:38,0,0,10
BRDA:38,0,1,15
BRF:2
BRH:2
end_of_record
TN:
SF:server/models/auth.js
FN:3,(anonymous_0)
FN:15,(anonymous_1)
FNF:2
FNH:2
FNDA:14,(anonymous_0)
FNDA:3,(anonymous_1)
DA:1,1
DA:3,1
DA:4,14
DA:10,14
DA:11,13
DA:12,13
DA:15,1
DA:16,3
DA:22,3
DA:23,3
DA:26,1
LF:11
LH:11
BRF:0
BRH:0
end_of_record
TN:
SF:server/models/friendships.js
FN:3,(anonymous_0)
FN:12,(anonymous_1)
FNF:2
FNH:2
FNDA:1,(anonymous_0)
FNDA:1,(anonymous_1)
DA:1,1
DA:3,1
DA:4,1
DA:8,1
DA:9,1
DA:12,1
DA:13,1
DA:18,1
DA:19,1
DA:22,1
LF:10
LH:10
BRF:0
BRH:0
end_of_record
TN:
SF:server/models/rides.js
FN:3,(anonymous_0)
FN:47,(anonymous_1)
FN:92,(anonymous_2)
FN:117,(anonymous_3)
FN:146,(anonymous_4)
FN:155,(anonymous_5)
FN:168,(anonymous_6)
FN:179,(anonymous_7)
FN:210,(anonymous_8)
FNF:9
FNH:8
FNDA:6,(anonymous_0)
FNDA:3,(anonymous_1)
FNDA:0,(anonymous_2)
FNDA:11,(anonymous_3)
FNDA:7,(anonymous_4)
FNDA:1,(anonymous_5)
FNDA:1,(anonymous_6)
FNDA:1,(anonymous_7)
FNDA:4,(anonymous_8)
DA:1,1
DA:3,1
DA:9,6
DA:43,6
DA:44,6
DA:47,1
DA:54,3
DA:88,3
DA:89,3
DA:92,1
DA:93,0
DA:117,1
DA:118,11
DA:135,11
DA:143,11
DA:146,1
DA:147,7
DA:152,7
DA:155,1
DA:156,1
DA:164,1
DA:165,1
DA:168,1
DA:169,1
DA:175,1
DA:176,1
DA:179,1
DA:180,1
DA:187,1
DA:191,1
DA:192,1
DA:194,1
DA:195,1
DA:196,1
DA:197,1
DA:198,1
DA:200,0
DA:201,0
DA:203,1
DA:206,0
DA:210,1
DA:211,4
DA:237,4
DA:238,4
DA:241,1
LF:45
LH:41
BRDA:6,0,0,0
BRDA:51,1,0,0
BRF:2
BRH:0
end_of_record
TN:
SF:server/models/users.js
FN:3,(anonymous_0)
FN:12,(anonymous_1)
FN:21,(anonymous_2)
FNF:3
FNH:3
FNDA:1,(anonymous_0)
FNDA:1,(anonymous_1)
FNDA:1,(anonymous_2)
DA:1,1
DA:3,1
DA:4,1
DA:8,1
DA:9,1
DA:12,1
DA:13,1
DA:17,1
DA:18,1
DA:21,1
DA:22,1
DA:46,1
DA:47,1
DA:50,1
LF:14
LH:14
BRF:0
BRH:0
end_of_record
TN:
SF:server/routes/auth.js
FNF:0
FNH:0
DA:1,1
DA:2,1
DA:3,1
DA:4,1
DA:6,1
DA:13,1
DA:20,1
DA:26,1
LF:8
LH:8
BRF:0
BRH:0
end_of_record
TN:
SF:server/routes/cache.js
FN:5,(anonymous_0)
FN:9,(anonymous_1)
FNF:2
FNH:0
FNDA:0,(anonymous_0)
FNDA:0,(anonymous_1)
DA:1,1
DA:2,1
DA:3,1
DA:5,1
DA:6,0
DA:9,1
DA:10,0
DA:13,1
LF:8
LH:6
BRF:0
BRH:0
end_of_record
TN:
SF:server/routes/friendships.js
FNF:0
FNH:0
DA:1,1
DA:2,1
DA:3,1
DA:4,1
DA:5,1
DA:7,1
DA:14,1
DA:22,1
LF:8
LH:8
BRF:0
BRH:0
end_of_record
TN:
SF:server/routes/rides.js
FNF:0
FNH:0
DA:1,1
DA:2,1
DA:3,1
DA:14,1
DA:15,1
DA:16,1
DA:17,1
DA:18,1
DA:20,1
DA:27,1
DA:35,1
DA:44,1
DA:51,1
DA:57,1
DA:64,1
DA:71,1
LF:16
LH:16
BRF:0
BRH:0
end_of_record
TN:
SF:server/routes/users.js
FNF:0
FNH:0
DA:1,1
DA:2,1
DA:3,1
DA:4,1
DA:5,1
DA:6,1
DA:8,1
DA:15,1
DA:22,1
LF:9
LH:9
BRF:0
BRH:0
end_of_record
TN:
SF:server/utils/errors.js
FN:2,(anonymous_0)
FN:9,(anonymous_1)
FN:18,(anonymous_2)
FN:25,(anonymous_3)
FN:34,(anonymous_4)
FN:43,(anonymous_5)
FNF:6
FNH:5
FNDA:6,(anonymous_0)
FNDA:1,(anonymous_1)
FNDA:0,(anonymous_2)
FNDA:3,(anonymous_3)
FNDA:1,(anonymous_4)
FNDA:1,(anonymous_5)
DA:3,6
DA:4,6
DA:10,1
DA:11,1
DA:12,1
DA:13,1
DA:19,0
DA:20,0
DA:26,3
DA:27,3
DA:28,3
DA:29,3
DA:35,1
DA:36,1
DA:37,1
DA:38,1
DA:44,1
DA:45,1
DA:46,1
DA:47,1
DA:51,1
LF:21
LH:19
BRF:0
BRH:0
end_of_record
TN:
SF:server/utils/index.js
FNF:0
FNH:0
DA:1,1
DA:3,1
LF:2
LH:2
BRF:0
BRH:0
end_of_record
